2020-12-24 16:43:11.832  INFO 4368 --- [restartedMain] c.e.w.r.RestfulWebServicesApplication    : Starting RestfulWebServicesApplication using Java 12.0.1 on DESKTOP-5MBAALU with PID 4368 (C:\Users\Romio\Documents\workspace-WebServices\Restful-web-services\target\classes started by Romio in C:\Users\Romio\Documents\workspace-WebServices\Restful-web-services)
2020-12-24 16:43:11.833  INFO 4368 --- [restartedMain] c.e.w.r.RestfulWebServicesApplication    : No active profile set, falling back to default profiles: default
2020-12-24 16:43:11.986  INFO 4368 --- [restartedMain] .s.d.r.c.RepositoryConfigurationDelegate : Bootstrapping Spring Data JPA repositories in DEFAULT mode.
2020-12-24 16:43:11.990  INFO 4368 --- [restartedMain] .s.d.r.c.RepositoryConfigurationDelegate : Finished Spring Data repository scanning in 2 ms. Found 0 JPA repository interfaces.
2020-12-24 16:43:12.022  INFO 4368 --- [restartedMain] trationDelegate$BeanPostProcessorChecker : Bean 'org.springframework.ws.config.annotation.DelegatingWsConfiguration' of type [org.springframework.ws.config.annotation.DelegatingWsConfiguration$$EnhancerBySpringCGLIB$$646e49ba] is not eligible for getting processed by all BeanPostProcessors (for example: not eligible for auto-proxying)
2020-12-24 16:43:12.023  INFO 4368 --- [restartedMain] .w.s.a.s.AnnotationActionEndpointMapping : Supporting [WS-Addressing August 2004, WS-Addressing 1.0]
2020-12-24 16:43:12.065  INFO 4368 --- [restartedMain] o.s.b.w.embedded.tomcat.TomcatWebServer  : Tomcat initialized with port(s): 8080 (http)
2020-12-24 16:43:12.066  INFO 4368 --- [restartedMain] o.apache.catalina.core.StandardService   : Starting service [Tomcat]
2020-12-24 16:43:12.066  INFO 4368 --- [restartedMain] org.apache.catalina.core.StandardEngine  : Starting Servlet engine: [Apache Tomcat/9.0.41]
2020-12-24 16:43:12.083  INFO 4368 --- [restartedMain] o.a.c.c.C.[Tomcat].[localhost].[/]       : Initializing Spring embedded WebApplicationContext
2020-12-24 16:43:12.083  INFO 4368 --- [restartedMain] w.s.c.ServletWebServerApplicationContext : Root WebApplicationContext: initialization completed in 248 ms
2020-12-24 16:43:12.096  INFO 4368 --- [restartedMain] com.zaxxer.hikari.HikariDataSource       : HikariPool-11 - Starting...
2020-12-24 16:43:12.098  INFO 4368 --- [restartedMain] com.zaxxer.hikari.HikariDataSource       : HikariPool-11 - Start completed.
2020-12-24 16:43:12.098  INFO 4368 --- [restartedMain] o.s.b.a.h2.H2ConsoleAutoConfiguration    : H2 console available at '/h2-console'. Database available at 'jdbc:h2:mem:63f3486f-da05-42a9-9d16-710b6ba1e603'
2020-12-24 16:43:12.115  INFO 4368 --- [restartedMain] o.hibernate.jpa.internal.util.LogHelper  : HHH000204: Processing PersistenceUnitInfo [name: default]
2020-12-24 16:43:12.119  INFO 4368 --- [restartedMain] org.hibernate.dialect.Dialect            : HHH000400: Using dialect: org.hibernate.dialect.H2Dialect
2020-12-24 16:43:12.128  INFO 4368 --- [restartedMain] o.h.e.t.j.p.i.JtaPlatformInitiator       : HHH000490: Using JtaPlatform implementation: [org.hibernate.engine.transaction.jta.platform.internal.NoJtaPlatform]
2020-12-24 16:43:12.128  INFO 4368 --- [restartedMain] j.LocalContainerEntityManagerFactoryBean : Initialized JPA EntityManagerFactory for persistence unit 'default'
2020-12-24 16:43:12.137  INFO 4368 --- [restartedMain] o.s.b.d.a.OptionalLiveReloadServer       : LiveReload server is running on port 35729
2020-12-24 16:43:12.156  WARN 4368 --- [restartedMain] JpaBaseConfiguration$JpaWebConfiguration : spring.jpa.open-in-view is enabled by default. Therefore, database queries may be performed during view rendering. Explicitly configure spring.jpa.open-in-view to disable this warning
2020-12-24 16:43:12.190  INFO 4368 --- [restartedMain] o.s.s.concurrent.ThreadPoolTaskExecutor  : Initializing ExecutorService 'applicationTaskExecutor'
2020-12-24 16:43:12.247  INFO 4368 --- [restartedMain] o.s.b.w.embedded.tomcat.TomcatWebServer  : Tomcat started on port(s): 8080 (http) with context path ''
2020-12-24 16:43:12.251  INFO 4368 --- [restartedMain] c.e.w.r.RestfulWebServicesApplication    : Started RestfulWebServicesApplication in 0.463 seconds (JVM running for 1587.306)
2020-12-24 16:43:12.252  INFO 4368 --- [restartedMain] .ConditionEvaluationDeltaLoggingListener : Condition evaluation unchanged
2020-12-24 16:43:16.497  INFO 4368 --- [http-nio-8080-exec-2] o.a.c.c.C.[Tomcat].[localhost].[/]       : Initializing Spring DispatcherServlet 'dispatcherServlet'
2020-12-24 16:43:16.498  INFO 4368 --- [http-nio-8080-exec-2] o.s.web.servlet.DispatcherServlet        : Initializing Servlet 'dispatcherServlet'
2020-12-24 16:43:16.499  INFO 4368 --- [http-nio-8080-exec-2] o.s.web.servlet.DispatcherServlet        : Completed initialization in 1 ms
2020-12-24 16:45:43.397  INFO 4368 --- [Thread-54] o.s.s.concurrent.ThreadPoolTaskExecutor  : Shutting down ExecutorService 'applicationTaskExecutor'
2020-12-24 16:45:43.397  INFO 4368 --- [Thread-54] j.LocalContainerEntityManagerFactoryBean : Closing JPA EntityManagerFactory for persistence unit 'default'
2020-12-24 16:45:43.398  INFO 4368 --- [Thread-54] .SchemaDropperImpl$DelayedDropActionImpl : HHH000477: Starting delayed evictData of schema as part of SessionFactory shut-down'
2020-12-24 16:45:43.599  WARN 4368 --- [Thread-54] o.s.b.f.support.DisposableBeanAdapter    : Invocation of destroy method failed on bean with name 'inMemoryDatabaseShutdownExecutor': org.h2.jdbc.JdbcSQLNonTransientConnectionException: Database is already closed (to disable automatic closing at VM shutdown, add ";DB_CLOSE_ON_EXIT=FALSE" to the db URL) [90121-200]
2020-12-24 16:45:43.600  INFO 4368 --- [Thread-54] com.zaxxer.hikari.HikariDataSource       : HikariPool-11 - Shutdown initiated...
2020-12-24 16:45:43.604  INFO 4368 --- [Thread-54] com.zaxxer.hikari.HikariDataSource       : HikariPool-11 - Shutdown completed.
